<?xml version="1.0" encoding="utf-8"?><testsuites name="pytest tests"><testsuite name="pytest" errors="0" failures="0" skipped="0" tests="15" time="2.974" timestamp="2026-05-06T17:14:53.620925+00:00" hostname="agent-env-b0008dbc-6fd2-4ecc-bebd-7bd9e8d6dcab"><testcase classname="tests.test_estoque_api.TestAuth" name="test_register_returns_token_and_user" time="0.480" /><testcase classname="tests.test_estoque_api.TestAuth" name="test_login_with_correct_credentials" time="0.290" /><testcase classname="tests.test_estoque_api.TestAuth" name="test_login_wrong_password_returns_401" time="0.292" /><testcase classname="tests.test_estoque_api.TestAuth" name="test_register_duplicate_phone_returns_400" time="0.072" /><testcase classname="tests.test_estoque_api.TestAuth" name="test_me_with_token" time="0.066" /><testcase classname="tests.test_estoque_api.TestAuth" name="test_me_without_token_returns_401" time="0.070" /><testcase classname="tests.test_estoque_api.TestAuth" name="test_protected_endpoint_requires_auth" time="0.289" /><testcase classname="tests.test_estoque_api.TestCatalog" name="test_stores_returns_5_expected" time="0.076" /><testcase classname="tests.test_estoque_api.TestCatalog" name="test_categories_returns_4" time="0.067" /><testcase classname="tests.test_estoque_api.TestCatalog" name="test_products_filtered_by_category" time="0.086" /><testcase classname="tests.test_estoque_api.TestOrders" name="test_full_order_flow" time="0.806" /><testcase classname="tests.test_estoque_api.TestOrders" name="test_create_order_requires_auth" time="0.065" /><testcase classname="tests.test_estoque_api.TestOrders" name="test_create_order_invalid_store" time="0.067" /><testcase classname="tests.test_estoque_api.TestOrders" name="test_create_order_empty_cart" time="0.070" /><testcase classname="tests.test_estoque_api.TestOrders" name="test_receive_nonexistent_order" time="0.066" /></testsuite></testsuites>